<?xml version="1.0" encoding="UTF-8"?>
<!-- Generated by org.testng.reporters.JUnitReportReporter -->
<testsuite skipped="0" hostname="Swara" name="POC.POC.GoogleHomePageTest" tests="1" failures="0" timestamp="31 Aug 2018 17:39:30 GMT" time="33.566" errors="0">
  <testcase name="verifyGooglePageTittle" time="33.566" classname="POC.POC.GoogleHomePageTest"/>
</testsuite> <!-- POC.POC.GoogleHomePageTest -->
